[2023-11-20T12:40:46.956+0545] {taskinstance.py:1159} INFO - Dependencies all met for dep_context=non-requeueable deps ti=<TaskInstance: podcast_summery.download_episodes manual__2023-11-20T06:55:37.366522+00:00 [queued]>
[2023-11-20T12:40:46.962+0545] {taskinstance.py:1159} INFO - Dependencies all met for dep_context=requeueable deps ti=<TaskInstance: podcast_summery.download_episodes manual__2023-11-20T06:55:37.366522+00:00 [queued]>
[2023-11-20T12:40:46.962+0545] {taskinstance.py:1361} INFO - Starting attempt 1 of 1
[2023-11-20T12:40:46.972+0545] {taskinstance.py:1382} INFO - Executing <Task(_PythonDecoratedOperator): download_episodes> on 2023-11-20 06:55:37.366522+00:00
[2023-11-20T12:40:46.975+0545] {standard_task_runner.py:57} INFO - Started process 130872 to run task
[2023-11-20T12:40:46.977+0545] {standard_task_runner.py:84} INFO - Running: ['airflow', 'tasks', 'run', 'podcast_summery', 'download_episodes', 'manual__2023-11-20T06:55:37.366522+00:00', '--job-id', '46', '--raw', '--subdir', 'DAGS_FOLDER/podcast_summery.py', '--cfg-path', '/tmp/tmp1cm9e5ku']
[2023-11-20T12:40:46.978+0545] {standard_task_runner.py:85} INFO - Job 46: Subtask download_episodes
[2023-11-20T12:40:47.002+0545] {task_command.py:416} INFO - Running <TaskInstance: podcast_summery.download_episodes manual__2023-11-20T06:55:37.366522+00:00 [running]> on host dwarka.dwarka
[2023-11-20T12:40:47.052+0545] {taskinstance.py:1662} INFO - Exporting env vars: AIRFLOW_CTX_DAG_OWNER='airflow' AIRFLOW_CTX_DAG_ID='podcast_summery' AIRFLOW_CTX_TASK_ID='download_episodes' AIRFLOW_CTX_EXECUTION_DATE='2023-11-20T06:55:37.366522+00:00' AIRFLOW_CTX_TRY_NUMBER='1' AIRFLOW_CTX_DAG_RUN_ID='manual__2023-11-20T06:55:37.366522+00:00'
[2023-11-20T12:40:47.053+0545] {logging_mixin.py:154} INFO - Downloading capitol-hill-doesnt-love-this-crop-insurance-program-some-farmers-say-they-need-it.mp3
[2023-11-20T12:41:15.438+0545] {taskinstance.py:1937} ERROR - Task failed with exception
Traceback (most recent call last):
  File "/home/ace/aiflow_project/lib/python3.11/site-packages/airflow/decorators/base.py", line 221, in execute
    return_value = super().execute(context)
                   ^^^^^^^^^^^^^^^^^^^^^^^^
  File "/home/ace/aiflow_project/lib/python3.11/site-packages/airflow/operators/python.py", line 192, in execute
    return_value = self.execute_callable()
                   ^^^^^^^^^^^^^^^^^^^^^^^
  File "/home/ace/aiflow_project/lib/python3.11/site-packages/airflow/operators/python.py", line 209, in execute_callable
    return self.python_callable(*self.op_args, **self.op_kwargs)
           ^^^^^^^^^^^^^^^^^^^^^^^^^^^^^^^^^^^^^^^^^^^^^^^^^^^^^
  File "/home/ace/airflow/dags/podcast_summery.py", line 65, in download_episodes
    with open (audio_path, "wb+") as f:
        ^^^^^^^^^^^^^^^^^^^^^^^^
FileNotFoundError: [Errno 2] No such file or directory: 'episodes/capitol-hill-doesnt-love-this-crop-insurance-program-some-farmers-say-they-need-it.mp3'
[2023-11-20T12:41:15.443+0545] {taskinstance.py:1400} INFO - Marking task as FAILED. dag_id=podcast_summery, task_id=download_episodes, execution_date=20231120T065537, start_date=20231120T065546, end_date=20231120T065615
[2023-11-20T12:41:15.451+0545] {standard_task_runner.py:104} ERROR - Failed to execute job 46 for task download_episodes ([Errno 2] No such file or directory: 'episodes/capitol-hill-doesnt-love-this-crop-insurance-program-some-farmers-say-they-need-it.mp3'; 130872)
[2023-11-20T12:41:15.461+0545] {local_task_job_runner.py:228} INFO - Task exited with return code 1
[2023-11-20T12:41:15.467+0545] {taskinstance.py:2778} INFO - 0 downstream tasks scheduled from follow-on schedule check
