[2023-11-20T11:49:27.311+0545] {taskinstance.py:1159} INFO - Dependencies all met for dep_context=non-requeueable deps ti=<TaskInstance: podcast_summery.create_table_sqlite manual__2023-11-20T06:04:24.129499+00:00 [queued]>
[2023-11-20T11:49:27.315+0545] {taskinstance.py:1159} INFO - Dependencies all met for dep_context=requeueable deps ti=<TaskInstance: podcast_summery.create_table_sqlite manual__2023-11-20T06:04:24.129499+00:00 [queued]>
[2023-11-20T11:49:27.316+0545] {taskinstance.py:1361} INFO - Starting attempt 1 of 1
[2023-11-20T11:49:27.325+0545] {taskinstance.py:1382} INFO - Executing <Task(SqliteOperator): create_table_sqlite> on 2023-11-20 06:04:24.129499+00:00
[2023-11-20T11:49:27.328+0545] {standard_task_runner.py:57} INFO - Started process 119898 to run task
[2023-11-20T11:49:27.330+0545] {standard_task_runner.py:84} INFO - Running: ['airflow', 'tasks', 'run', 'podcast_summery', 'create_table_sqlite', 'manual__2023-11-20T06:04:24.129499+00:00', '--job-id', '16', '--raw', '--subdir', 'DAGS_FOLDER/podcast_summery.py', '--cfg-path', '/tmp/tmphh8r4khk']
[2023-11-20T11:49:27.331+0545] {standard_task_runner.py:85} INFO - Job 16: Subtask create_table_sqlite
[2023-11-20T11:49:27.353+0545] {task_command.py:416} INFO - Running <TaskInstance: podcast_summery.create_table_sqlite manual__2023-11-20T06:04:24.129499+00:00 [running]> on host dwarka.dwarka
[2023-11-20T11:49:27.391+0545] {taskinstance.py:1662} INFO - Exporting env vars: AIRFLOW_CTX_DAG_OWNER='airflow' AIRFLOW_CTX_DAG_ID='podcast_summery' AIRFLOW_CTX_TASK_ID='create_table_sqlite' AIRFLOW_CTX_EXECUTION_DATE='2023-11-20T06:04:24.129499+00:00' AIRFLOW_CTX_TRY_NUMBER='1' AIRFLOW_CTX_DAG_RUN_ID='manual__2023-11-20T06:04:24.129499+00:00'
[2023-11-20T11:49:27.392+0545] {sql.py:274} INFO - Executing: 
            CREATE TABLE IF NOT EXISTS episodes (
            link TEXT PRIMARY KEY,
            title TEXT,
            filename TEXT,
            published TEXT,
            description TEXT
        )
        
[2023-11-20T11:49:27.398+0545] {taskinstance.py:1937} ERROR - Task failed with exception
Traceback (most recent call last):
  File "/home/ace/aiflow_project/lib/python3.11/site-packages/airflow/providers/common/sql/operators/sql.py", line 275, in execute
    hook = self.get_db_hook()
           ^^^^^^^^^^^^^^^^^^
  File "/home/ace/aiflow_project/lib/python3.11/site-packages/airflow/providers/common/sql/operators/sql.py", line 186, in get_db_hook
    return self._hook
           ^^^^^^^^^^
  File "/usr/lib/python3.11/functools.py", line 1001, in __get__
    val = self.func(instance)
          ^^^^^^^^^^^^^^^^^^^
  File "/home/ace/aiflow_project/lib/python3.11/site-packages/airflow/providers/common/sql/operators/sql.py", line 148, in _hook
    conn = BaseHook.get_connection(conn_id)
           ^^^^^^^^^^^^^^^^^^^^^^^^^^^^^^^^
  File "/home/ace/aiflow_project/lib/python3.11/site-packages/airflow/hooks/base.py", line 72, in get_connection
    conn = Connection.get_connection_from_secrets(conn_id)
           ^^^^^^^^^^^^^^^^^^^^^^^^^^^^^^^^^^^^^^^^^^^^^^^
  File "/home/ace/aiflow_project/lib/python3.11/site-packages/airflow/models/connection.py", line 477, in get_connection_from_secrets
    raise AirflowNotFoundException(f"The conn_id `{conn_id}` isn't defined")
airflow.exceptions.AirflowNotFoundException: The conn_id `podcast` isn't defined
[2023-11-20T11:49:27.402+0545] {taskinstance.py:1400} INFO - Marking task as FAILED. dag_id=podcast_summery, task_id=create_table_sqlite, execution_date=20231120T060424, start_date=20231120T060427, end_date=20231120T060427
[2023-11-20T11:49:27.409+0545] {standard_task_runner.py:104} ERROR - Failed to execute job 16 for task create_table_sqlite (The conn_id `podcast` isn't defined; 119898)
[2023-11-20T11:49:27.422+0545] {local_task_job_runner.py:228} INFO - Task exited with return code 1
[2023-11-20T11:49:27.433+0545] {taskinstance.py:2778} INFO - 0 downstream tasks scheduled from follow-on schedule check
