[2023-11-22T12:58:03.025+0545] {taskinstance.py:1159} INFO - Dependencies all met for dep_context=non-requeueable deps ti=<TaskInstance: podcast_summery.create_table_sqlite manual__2023-11-22T07:12:58.128875+00:00 [queued]>
[2023-11-22T12:58:03.032+0545] {taskinstance.py:1159} INFO - Dependencies all met for dep_context=requeueable deps ti=<TaskInstance: podcast_summery.create_table_sqlite manual__2023-11-22T07:12:58.128875+00:00 [queued]>
[2023-11-22T12:58:03.033+0545] {taskinstance.py:1361} INFO - Starting attempt 1 of 1
[2023-11-22T12:58:03.045+0545] {taskinstance.py:1382} INFO - Executing <Task(SqliteOperator): create_table_sqlite> on 2023-11-22 07:12:58.128875+00:00
[2023-11-22T12:58:03.049+0545] {standard_task_runner.py:57} INFO - Started process 253193 to run task
[2023-11-22T12:58:03.051+0545] {standard_task_runner.py:84} INFO - Running: ['airflow', 'tasks', 'run', 'podcast_summery', 'create_table_sqlite', 'manual__2023-11-22T07:12:58.128875+00:00', '--job-id', '186', '--raw', '--subdir', 'DAGS_FOLDER/podcast_summery.py', '--cfg-path', '/tmp/tmpf2fzzp0e']
[2023-11-22T12:58:03.052+0545] {standard_task_runner.py:85} INFO - Job 186: Subtask create_table_sqlite
[2023-11-22T12:58:03.074+0545] {task_command.py:416} INFO - Running <TaskInstance: podcast_summery.create_table_sqlite manual__2023-11-22T07:12:58.128875+00:00 [running]> on host dwarka.dwarka
[2023-11-22T12:58:03.121+0545] {taskinstance.py:1662} INFO - Exporting env vars: AIRFLOW_CTX_DAG_OWNER='airflow' AIRFLOW_CTX_DAG_ID='podcast_summery' AIRFLOW_CTX_TASK_ID='create_table_sqlite' AIRFLOW_CTX_EXECUTION_DATE='2023-11-22T07:12:58.128875+00:00' AIRFLOW_CTX_TRY_NUMBER='1' AIRFLOW_CTX_DAG_RUN_ID='manual__2023-11-22T07:12:58.128875+00:00'
[2023-11-22T12:58:03.121+0545] {sql.py:274} INFO - Executing: 
        CREATE TABLE IF NOT EXISTS episodes(
            link TEXT PRIMARY KEY,
            title TEXT,
            filename TEXT,
            published TEXT,
            description TEXT
        )
        
[2023-11-22T12:58:03.125+0545] {base.py:73} INFO - Using connection ID 'podcasts' for task execution.
[2023-11-22T12:58:03.470+0545] {base.py:73} INFO - Using connection ID 'podcasts' for task execution.
[2023-11-22T12:58:03.472+0545] {taskinstance.py:1937} ERROR - Task failed with exception
Traceback (most recent call last):
  File "/home/ace/aiflow_project/lib/python3.11/site-packages/airflow/providers/common/sql/operators/sql.py", line 280, in execute
    output = hook.run(
             ^^^^^^^^^
  File "/home/ace/aiflow_project/lib/python3.11/site-packages/airflow/providers/common/sql/hooks/sql.py", line 385, in run
    with closing(self.get_conn()) as conn:
                 ^^^^^^^^^^^^^^^
  File "/home/ace/aiflow_project/lib/python3.11/site-packages/airflow/providers/sqlite/hooks/sqlite.py", line 41, in get_conn
    conn = sqlite3.connect(sqlite_uri, uri=True)
           ^^^^^^^^^^^^^^^^^^^^^^^^^^^^^^^^^^^^^
sqlite3.OperationalError: unable to open database file
[2023-11-22T12:58:03.482+0545] {taskinstance.py:1400} INFO - Marking task as FAILED. dag_id=podcast_summery, task_id=create_table_sqlite, execution_date=20231122T071258, start_date=20231122T071303, end_date=20231122T071303
[2023-11-22T12:58:03.528+0545] {standard_task_runner.py:104} ERROR - Failed to execute job 186 for task create_table_sqlite (unable to open database file; 253193)
[2023-11-22T12:58:03.585+0545] {local_task_job_runner.py:228} INFO - Task exited with return code 1
[2023-11-22T12:58:03.611+0545] {taskinstance.py:2778} INFO - 0 downstream tasks scheduled from follow-on schedule check
