[2023-11-22T12:54:30.599+0545] {taskinstance.py:1159} INFO - Dependencies all met for dep_context=non-requeueable deps ti=<TaskInstance: podcast_summery.create_table_sqlite manual__2023-11-22T07:09:26.959579+00:00 [queued]>
[2023-11-22T12:54:30.607+0545] {taskinstance.py:1159} INFO - Dependencies all met for dep_context=requeueable deps ti=<TaskInstance: podcast_summery.create_table_sqlite manual__2023-11-22T07:09:26.959579+00:00 [queued]>
[2023-11-22T12:54:30.607+0545] {taskinstance.py:1361} INFO - Starting attempt 1 of 1
[2023-11-22T12:54:30.624+0545] {taskinstance.py:1382} INFO - Executing <Task(SqliteOperator): create_table_sqlite> on 2023-11-22 07:09:26.959579+00:00
[2023-11-22T12:54:30.628+0545] {standard_task_runner.py:57} INFO - Started process 252606 to run task
[2023-11-22T12:54:30.630+0545] {standard_task_runner.py:84} INFO - Running: ['airflow', 'tasks', 'run', 'podcast_summery', 'create_table_sqlite', 'manual__2023-11-22T07:09:26.959579+00:00', '--job-id', '184', '--raw', '--subdir', 'DAGS_FOLDER/podcast_summery.py', '--cfg-path', '/tmp/tmpr7mjon0l']
[2023-11-22T12:54:30.631+0545] {standard_task_runner.py:85} INFO - Job 184: Subtask create_table_sqlite
[2023-11-22T12:54:30.662+0545] {task_command.py:416} INFO - Running <TaskInstance: podcast_summery.create_table_sqlite manual__2023-11-22T07:09:26.959579+00:00 [running]> on host dwarka.dwarka
[2023-11-22T12:54:30.728+0545] {taskinstance.py:1662} INFO - Exporting env vars: AIRFLOW_CTX_DAG_OWNER='airflow' AIRFLOW_CTX_DAG_ID='podcast_summery' AIRFLOW_CTX_TASK_ID='create_table_sqlite' AIRFLOW_CTX_EXECUTION_DATE='2023-11-22T07:09:26.959579+00:00' AIRFLOW_CTX_TRY_NUMBER='1' AIRFLOW_CTX_DAG_RUN_ID='manual__2023-11-22T07:09:26.959579+00:00'
[2023-11-22T12:54:30.730+0545] {sql.py:274} INFO - Executing: 
        CREATE TABLE IF NOT EXISTS episodes(
            link TEXT PRIMARY KEY,
            title TEXT,
            filename TEXT,
            published TEXT,
            description TEXT
        )
        
[2023-11-22T12:54:30.735+0545] {base.py:73} INFO - Using connection ID 'podcasts' for task execution.
[2023-11-22T12:54:30.939+0545] {base.py:73} INFO - Using connection ID 'podcasts' for task execution.
[2023-11-22T12:54:30.940+0545] {taskinstance.py:1937} ERROR - Task failed with exception
Traceback (most recent call last):
  File "/home/ace/aiflow_project/lib/python3.11/site-packages/airflow/providers/common/sql/operators/sql.py", line 280, in execute
    output = hook.run(
             ^^^^^^^^^
  File "/home/ace/aiflow_project/lib/python3.11/site-packages/airflow/providers/common/sql/hooks/sql.py", line 385, in run
    with closing(self.get_conn()) as conn:
                 ^^^^^^^^^^^^^^^
  File "/home/ace/aiflow_project/lib/python3.11/site-packages/airflow/providers/sqlite/hooks/sqlite.py", line 41, in get_conn
    conn = sqlite3.connect(sqlite_uri, uri=True)
           ^^^^^^^^^^^^^^^^^^^^^^^^^^^^^^^^^^^^^
sqlite3.OperationalError: unable to open database file
[2023-11-22T12:54:30.945+0545] {taskinstance.py:1400} INFO - Marking task as FAILED. dag_id=podcast_summery, task_id=create_table_sqlite, execution_date=20231122T070926, start_date=20231122T070930, end_date=20231122T070930
[2023-11-22T12:54:30.961+0545] {standard_task_runner.py:104} ERROR - Failed to execute job 184 for task create_table_sqlite (unable to open database file; 252606)
[2023-11-22T12:54:31.003+0545] {local_task_job_runner.py:228} INFO - Task exited with return code 1
[2023-11-22T12:54:31.026+0545] {taskinstance.py:2778} INFO - 0 downstream tasks scheduled from follow-on schedule check
