[2023-11-21T16:43:22.771+0545] {taskinstance.py:1159} INFO - Dependencies all met for dep_context=non-requeueable deps ti=<TaskInstance: podcast_summery.create_table_sqlite manual__2023-11-21T10:58:20.700564+00:00 [queued]>
[2023-11-21T16:43:22.777+0545] {taskinstance.py:1159} INFO - Dependencies all met for dep_context=requeueable deps ti=<TaskInstance: podcast_summery.create_table_sqlite manual__2023-11-21T10:58:20.700564+00:00 [queued]>
[2023-11-21T16:43:22.777+0545] {taskinstance.py:1361} INFO - Starting attempt 1 of 1
[2023-11-21T16:43:22.787+0545] {taskinstance.py:1382} INFO - Executing <Task(SqliteOperator): create_table_sqlite> on 2023-11-21 10:58:20.700564+00:00
[2023-11-21T16:43:22.790+0545] {standard_task_runner.py:57} INFO - Started process 219886 to run task
[2023-11-21T16:43:22.793+0545] {standard_task_runner.py:84} INFO - Running: ['airflow', 'tasks', 'run', 'podcast_summery', 'create_table_sqlite', 'manual__2023-11-21T10:58:20.700564+00:00', '--job-id', '61', '--raw', '--subdir', 'DAGS_FOLDER/podcast_summery.py', '--cfg-path', '/tmp/tmpopzsozv7']
[2023-11-21T16:43:22.794+0545] {standard_task_runner.py:85} INFO - Job 61: Subtask create_table_sqlite
[2023-11-21T16:43:22.816+0545] {task_command.py:416} INFO - Running <TaskInstance: podcast_summery.create_table_sqlite manual__2023-11-21T10:58:20.700564+00:00 [running]> on host dwarka.dwarka
[2023-11-21T16:43:22.856+0545] {taskinstance.py:1662} INFO - Exporting env vars: AIRFLOW_CTX_DAG_OWNER='airflow' AIRFLOW_CTX_DAG_ID='podcast_summery' AIRFLOW_CTX_TASK_ID='create_table_sqlite' AIRFLOW_CTX_EXECUTION_DATE='2023-11-21T10:58:20.700564+00:00' AIRFLOW_CTX_TRY_NUMBER='1' AIRFLOW_CTX_DAG_RUN_ID='manual__2023-11-21T10:58:20.700564+00:00'
[2023-11-21T16:43:22.857+0545] {sql.py:274} INFO - Executing: 
        CREATE TABLE IF NOT EXISTS episodes (
            link TEXT PRIMARY KEY,
            title TEXT,
            filename TEXT,
            published TEXT,
            description TEXT
        )
        
[2023-11-21T16:43:22.860+0545] {base.py:73} INFO - Using connection ID 'podcasts' for task execution.
[2023-11-21T16:43:22.974+0545] {base.py:73} INFO - Using connection ID 'podcasts' for task execution.
[2023-11-21T16:43:22.975+0545] {sql.py:418} INFO - Running statement: 
        CREATE TABLE IF NOT EXISTS episodes (
            link TEXT PRIMARY KEY,
            title TEXT,
            filename TEXT,
            published TEXT,
            description TEXT
        )
        , parameters: None
[2023-11-21T16:43:22.978+0545] {taskinstance.py:1400} INFO - Marking task as SUCCESS. dag_id=podcast_summery, task_id=create_table_sqlite, execution_date=20231121T105820, start_date=20231121T105822, end_date=20231121T105822
[2023-11-21T16:43:23.004+0545] {local_task_job_runner.py:228} INFO - Task exited with return code 0
[2023-11-21T16:43:23.020+0545] {taskinstance.py:2778} INFO - 1 downstream tasks scheduled from follow-on schedule check
