[2023-11-22T10:28:54.656+0545] {taskinstance.py:1159} INFO - Dependencies all met for dep_context=non-requeueable deps ti=<TaskInstance: podcast_summery.create_table_sqlite manual__2023-11-22T04:43:52.566847+00:00 [queued]>
[2023-11-22T10:28:54.661+0545] {taskinstance.py:1159} INFO - Dependencies all met for dep_context=requeueable deps ti=<TaskInstance: podcast_summery.create_table_sqlite manual__2023-11-22T04:43:52.566847+00:00 [queued]>
[2023-11-22T10:28:54.661+0545] {taskinstance.py:1361} INFO - Starting attempt 1 of 1
[2023-11-22T10:28:54.670+0545] {taskinstance.py:1382} INFO - Executing <Task(SqliteOperator): create_table_sqlite> on 2023-11-22 04:43:52.566847+00:00
[2023-11-22T10:28:54.673+0545] {standard_task_runner.py:57} INFO - Started process 243139 to run task
[2023-11-22T10:28:54.676+0545] {standard_task_runner.py:84} INFO - Running: ['airflow', 'tasks', 'run', 'podcast_summery', 'create_table_sqlite', 'manual__2023-11-22T04:43:52.566847+00:00', '--job-id', '150', '--raw', '--subdir', 'DAGS_FOLDER/podcast_summery.py', '--cfg-path', '/tmp/tmpsa7ppfk7']
[2023-11-22T10:28:54.677+0545] {standard_task_runner.py:85} INFO - Job 150: Subtask create_table_sqlite
[2023-11-22T10:28:54.699+0545] {task_command.py:416} INFO - Running <TaskInstance: podcast_summery.create_table_sqlite manual__2023-11-22T04:43:52.566847+00:00 [running]> on host dwarka.dwarka
[2023-11-22T10:28:54.743+0545] {taskinstance.py:1662} INFO - Exporting env vars: AIRFLOW_CTX_DAG_OWNER='airflow' AIRFLOW_CTX_DAG_ID='podcast_summery' AIRFLOW_CTX_TASK_ID='create_table_sqlite' AIRFLOW_CTX_EXECUTION_DATE='2023-11-22T04:43:52.566847+00:00' AIRFLOW_CTX_TRY_NUMBER='1' AIRFLOW_CTX_DAG_RUN_ID='manual__2023-11-22T04:43:52.566847+00:00'
[2023-11-22T10:28:54.744+0545] {sql.py:274} INFO - Executing: 
        CREATE TABLE IF NOT EXISTS episodes(
            link TEXT PRIMARY KEY,
            title TEXT,
            filename TEXT,
            published TEXT,
            description TEXT
        )
        
[2023-11-22T10:28:54.747+0545] {base.py:73} INFO - Using connection ID 'podcasts' for task execution.
[2023-11-22T10:28:54.918+0545] {base.py:73} INFO - Using connection ID 'podcasts' for task execution.
[2023-11-22T10:28:54.919+0545] {sql.py:418} INFO - Running statement: 
        CREATE TABLE IF NOT EXISTS episodes(
            link TEXT PRIMARY KEY,
            title TEXT,
            filename TEXT,
            published TEXT,
            description TEXT
        )
        , parameters: None
[2023-11-22T10:28:54.922+0545] {taskinstance.py:1400} INFO - Marking task as SUCCESS. dag_id=podcast_summery, task_id=create_table_sqlite, execution_date=20231122T044352, start_date=20231122T044354, end_date=20231122T044354
[2023-11-22T10:28:54.967+0545] {local_task_job_runner.py:228} INFO - Task exited with return code 0
[2023-11-22T10:28:54.987+0545] {taskinstance.py:2778} INFO - 1 downstream tasks scheduled from follow-on schedule check
