[2023-11-21T17:20:59.246+0545] {taskinstance.py:1159} INFO - Dependencies all met for dep_context=non-requeueable deps ti=<TaskInstance: podcast_summery.download_episodes manual__2023-11-21T11:35:22.780886+00:00 [queued]>
[2023-11-21T17:20:59.251+0545] {taskinstance.py:1159} INFO - Dependencies all met for dep_context=requeueable deps ti=<TaskInstance: podcast_summery.download_episodes manual__2023-11-21T11:35:22.780886+00:00 [queued]>
[2023-11-21T17:20:59.252+0545] {taskinstance.py:1361} INFO - Starting attempt 1 of 1
[2023-11-21T17:20:59.263+0545] {taskinstance.py:1382} INFO - Executing <Task(_PythonDecoratedOperator): download_episodes> on 2023-11-21 11:35:22.780886+00:00
[2023-11-21T17:20:59.267+0545] {standard_task_runner.py:57} INFO - Started process 225467 to run task
[2023-11-21T17:20:59.269+0545] {standard_task_runner.py:84} INFO - Running: ['airflow', 'tasks', 'run', 'podcast_summery', 'download_episodes', 'manual__2023-11-21T11:35:22.780886+00:00', '--job-id', '109', '--raw', '--subdir', 'DAGS_FOLDER/podcast_summery.py', '--cfg-path', '/tmp/tmpu2pyk8zf']
[2023-11-21T17:20:59.270+0545] {standard_task_runner.py:85} INFO - Job 109: Subtask download_episodes
[2023-11-21T17:20:59.293+0545] {task_command.py:416} INFO - Running <TaskInstance: podcast_summery.download_episodes manual__2023-11-21T11:35:22.780886+00:00 [running]> on host dwarka.dwarka
[2023-11-21T17:20:59.346+0545] {taskinstance.py:1662} INFO - Exporting env vars: AIRFLOW_CTX_DAG_OWNER='airflow' AIRFLOW_CTX_DAG_ID='podcast_summery' AIRFLOW_CTX_TASK_ID='download_episodes' AIRFLOW_CTX_EXECUTION_DATE='2023-11-21T11:35:22.780886+00:00' AIRFLOW_CTX_TRY_NUMBER='1' AIRFLOW_CTX_DAG_RUN_ID='manual__2023-11-21T11:35:22.780886+00:00'
[2023-11-21T17:20:59.347+0545] {logging_mixin.py:154} INFO - episodes/whats-next-for-the-artificial-intelligence-industry.mp3
[2023-11-21T17:20:59.347+0545] {logging_mixin.py:154} INFO - episodes/capitol-hill-doesnt-love-this-crop-insurance-program-some-farmers-say-they-need-it.mp3
[2023-11-21T17:20:59.347+0545] {logging_mixin.py:154} INFO - episodes/the-calm-after-the-employment-storm.mp3
[2023-11-21T17:20:59.347+0545] {logging_mixin.py:154} INFO - episodes/milton-friedmans-impact.mp3
[2023-11-21T17:20:59.347+0545] {logging_mixin.py:154} INFO - episodes/climate-change-could-heat-up-long-term-inflation.mp3
[2023-11-21T17:20:59.347+0545] {logging_mixin.py:154} INFO - episodes/once-again-a-shutdown-looms.mp3
[2023-11-21T17:20:59.347+0545] {logging_mixin.py:154} INFO - episodes/consumers-are-feeling-scrooge-y-about-the-economy-will-they-spend-less-for-the-holidays.mp3
[2023-11-21T17:20:59.348+0545] {logging_mixin.py:154} INFO - episodes/more-americans-than-ever-are-enrolled-in-aca-coverage.mp3
[2023-11-21T17:20:59.348+0545] {logging_mixin.py:154} INFO - episodes/a-laddered-continuing-resolution-explained.mp3
[2023-11-21T17:20:59.348+0545] {logging_mixin.py:154} INFO - episodes/why-china-may-be-selling-its-u-s-debt.mp3
[2023-11-21T17:20:59.348+0545] {logging_mixin.py:154} INFO - episodes/undergrad-workers-unionize.mp3
[2023-11-21T17:20:59.348+0545] {logging_mixin.py:154} INFO - episodes/does-the-fed-control-the-economy.mp3
[2023-11-21T17:20:59.348+0545] {logging_mixin.py:154} INFO - episodes/is-there-a-downside-to-economic-resilience.mp3
[2023-11-21T17:20:59.348+0545] {logging_mixin.py:154} INFO - episodes/no-change-at-the-fed-but-what-about-the-bond-market.mp3
[2023-11-21T17:20:59.348+0545] {logging_mixin.py:154} INFO - episodes/why-the-federal-reserve-fears-wage-spikes.mp3
[2023-11-21T17:20:59.348+0545] {logging_mixin.py:154} INFO - episodes/americans-are-giving-the-economy-mixed-reviews.mp3
[2023-11-21T17:20:59.348+0545] {logging_mixin.py:154} INFO - episodes/examining-health-care-inflation.mp3
[2023-11-21T17:20:59.349+0545] {logging_mixin.py:154} INFO - episodes/hear-that-boom-its-the-economy.mp3
[2023-11-21T17:20:59.349+0545] {logging_mixin.py:154} INFO - episodes/is-there-a-cure-for-the-nurse-shortage.mp3
[2023-11-21T17:20:59.349+0545] {logging_mixin.py:154} INFO - episodes/part-of-the-deficit-federal-reserve-interest-costs.mp3
[2023-11-21T17:20:59.349+0545] {logging_mixin.py:154} INFO - episodes/why-do-we-stick-to-the-default-option.mp3
[2023-11-21T17:20:59.349+0545] {logging_mixin.py:154} INFO - episodes/night-work-hires.mp3
[2023-11-21T17:20:59.349+0545] {logging_mixin.py:154} INFO - episodes/a-closer-look-at-unemployment-and-wealth-gap-data.mp3
[2023-11-21T17:20:59.349+0545] {logging_mixin.py:154} INFO - episodes/how-water-moves-or-stalls-the-economy.mp3
[2023-11-21T17:20:59.349+0545] {logging_mixin.py:154} INFO - episodes/as-covid-vigilance-dwindles-medical-companies-ail.mp3
[2023-11-21T17:20:59.349+0545] {logging_mixin.py:154} INFO - episodes/what-does-global-trade-policy-have-to-do-with-the-climate-crisis.mp3
[2023-11-21T17:20:59.350+0545] {logging_mixin.py:154} INFO - episodes/a-7-billion-boost-for-the-clean-hydrogen-effort.mp3
[2023-11-21T17:20:59.350+0545] {logging_mixin.py:154} INFO - episodes/the-endless-hamster-wheel-of-inflation.mp3
[2023-11-21T17:20:59.350+0545] {logging_mixin.py:154} INFO - episodes/ev-subsidies-are-about-to-get-simpler.mp3
[2023-11-21T17:20:59.350+0545] {logging_mixin.py:154} INFO - episodes/fewer-americans-want-brands-to-take-political-stand.mp3
[2023-11-21T17:20:59.350+0545] {logging_mixin.py:154} INFO - episodes/how-much-is-your-paycheck-really-worth.mp3
[2023-11-21T17:20:59.350+0545] {logging_mixin.py:154} INFO - episodes/whats-up-with-falling-gas-prices.mp3
[2023-11-21T17:20:59.350+0545] {logging_mixin.py:154} INFO - episodes/buying-a-home-is-a-bleak-quest-right-now.mp3
[2023-11-21T17:20:59.350+0545] {logging_mixin.py:154} INFO - episodes/movin-out.mp3
[2023-11-21T17:20:59.350+0545] {logging_mixin.py:154} INFO - Downloading movin-out.mp3
[2023-11-21T17:21:10.611+0545] {logging_mixin.py:154} INFO - episodes/a-high-t-note-yield-could-affect-your-wallet.mp3
[2023-11-21T17:21:10.611+0545] {logging_mixin.py:154} INFO - Downloading a-high-t-note-yield-could-affect-your-wallet.mp3
[2023-11-21T17:21:21.659+0545] {logging_mixin.py:154} INFO - episodes/millions-owe-student-loan-payments-again.mp3
[2023-11-21T17:21:21.659+0545] {logging_mixin.py:154} INFO - Downloading millions-owe-student-loan-payments-again.mp3
[2023-11-21T17:21:34.288+0545] {logging_mixin.py:154} INFO - episodes/plunging-u-s-crop-exports-explained.mp3
[2023-11-21T17:21:34.288+0545] {logging_mixin.py:154} INFO - Downloading plunging-u-s-crop-exports-explained.mp3
[2023-11-21T17:21:49.743+0545] {logging_mixin.py:154} INFO - episodes/2-trillion-in-savings-spent.mp3
[2023-11-21T17:21:49.744+0545] {logging_mixin.py:154} INFO - Downloading 2-trillion-in-savings-spent.mp3
[2023-11-21T17:21:59.710+0545] {logging_mixin.py:154} INFO - episodes/feeling-the-oil-flation.mp3
[2023-11-21T17:21:59.711+0545] {logging_mixin.py:154} INFO - Downloading feeling-the-oil-flation.mp3
[2023-11-21T17:24:33.466+0545] {logging_mixin.py:154} INFO - episodes/housing-market-role-play.mp3
[2023-11-21T17:24:33.466+0545] {logging_mixin.py:154} INFO - Downloading housing-market-role-play.mp3
[2023-11-21T17:25:58.217+0545] {logging_mixin.py:154} INFO - episodes/the-business-of-getting-offices-back-in-business.mp3
[2023-11-21T17:25:58.217+0545] {logging_mixin.py:154} INFO - Downloading the-business-of-getting-offices-back-in-business.mp3
[2023-11-21T17:26:33.468+0545] {logging_mixin.py:154} INFO - episodes/the-early-bird-gets-the-worm.mp3
[2023-11-21T17:26:33.468+0545] {logging_mixin.py:154} INFO - Downloading the-early-bird-gets-the-worm.mp3
[2023-11-21T17:26:45.520+0545] {logging_mixin.py:154} INFO - episodes/50-years-after-the-oil-embargo-the-u-s-is-playing-catch-up.mp3
[2023-11-21T17:26:45.520+0545] {logging_mixin.py:154} INFO - Downloading 50-years-after-the-oil-embargo-the-u-s-is-playing-catch-up.mp3
[2023-11-21T17:27:03.422+0545] {logging_mixin.py:154} INFO - episodes/do-you-advertise-en-espanol.mp3
[2023-11-21T17:27:03.422+0545] {logging_mixin.py:154} INFO - Downloading do-you-advertise-en-espanol.mp3
[2023-11-21T17:29:48.969+0545] {logging_mixin.py:154} INFO - episodes/the-facial-recognition-software-cops-are-raving-about.mp3
[2023-11-21T17:29:48.970+0545] {logging_mixin.py:154} INFO - Downloading the-facial-recognition-software-cops-are-raving-about.mp3
[2023-11-21T17:32:55.117+0545] {logging_mixin.py:154} INFO - episodes/would-you-take-a-job-that-might-make-you-work-for-free.mp3
[2023-11-21T17:32:55.117+0545] {logging_mixin.py:154} INFO - Downloading would-you-take-a-job-that-might-make-you-work-for-free.mp3
[2023-11-21T17:33:08.060+0545] {logging_mixin.py:154} INFO - episodes/is-it-time-to-question-the-economic-vibe.mp3
[2023-11-21T17:33:08.060+0545] {logging_mixin.py:154} INFO - Downloading is-it-time-to-question-the-economic-vibe.mp3
[2023-11-21T17:33:18.046+0545] {logging_mixin.py:154} INFO - episodes/how-to-price-an-ipo-so-it-pops.mp3
[2023-11-21T17:33:18.046+0545] {logging_mixin.py:154} INFO - Downloading how-to-price-an-ipo-so-it-pops.mp3
[2023-11-21T17:35:37.026+0545] {logging_mixin.py:154} INFO - episodes/what-will-inflation-look-like-in-6-months.mp3
[2023-11-21T17:35:37.026+0545] {logging_mixin.py:154} INFO - Downloading what-will-inflation-look-like-in-6-months.mp3
[2023-11-21T17:36:02.958+0545] {logging_mixin.py:154} INFO - episodes/poverty-rose-last-year-inflations-only-part-of-the-story.mp3
[2023-11-21T17:36:02.958+0545] {logging_mixin.py:154} INFO - Downloading poverty-rose-last-year-inflations-only-part-of-the-story.mp3
[2023-11-21T18:13:54.385+0545] {process_utils.py:131} INFO - Sending 15 to group 225467. PIDs of all processes in the group: [225467]
[2023-11-21T18:13:54.386+0545] {process_utils.py:86} INFO - Sending the signal 15 to group 225467
[2023-11-21T18:13:54.386+0545] {taskinstance.py:1632} ERROR - Received SIGTERM. Terminating subprocesses.
[2023-11-21T18:13:54.393+0545] {taskinstance.py:1937} ERROR - Task failed with exception
Traceback (most recent call last):
  File "/home/ace/aiflow_project/lib/python3.11/site-packages/airflow/decorators/base.py", line 221, in execute
    return_value = super().execute(context)
                   ^^^^^^^^^^^^^^^^^^^^^^^^
  File "/home/ace/aiflow_project/lib/python3.11/site-packages/airflow/operators/python.py", line 192, in execute
    return_value = self.execute_callable()
                   ^^^^^^^^^^^^^^^^^^^^^^^
  File "/home/ace/aiflow_project/lib/python3.11/site-packages/airflow/operators/python.py", line 209, in execute_callable
    return self.python_callable(*self.op_args, **self.op_kwargs)
           ^^^^^^^^^^^^^^^^^^^^^^^^^^^^^^^^^^^^^^^^^^^^^^^^^^^^^
  File "/home/ace/airflow/dags/podcast_summery.py", line 72, in download_episodes
    audio=requests.get(episode["enclosure"]["@url"])
          ^^^^^^^^^^^^^^^^^^^^^^^^^^^^^^^^^^^^^^^^^^
  File "/home/ace/aiflow_project/lib/python3.11/site-packages/requests/api.py", line 73, in get
    return request("get", url, params=params, **kwargs)
           ^^^^^^^^^^^^^^^^^^^^^^^^^^^^^^^^^^^^^^^^^^^^
  File "/home/ace/aiflow_project/lib/python3.11/site-packages/requests/api.py", line 59, in request
    return session.request(method=method, url=url, **kwargs)
           ^^^^^^^^^^^^^^^^^^^^^^^^^^^^^^^^^^^^^^^^^^^^^^^^^
  File "/home/ace/aiflow_project/lib/python3.11/site-packages/requests/sessions.py", line 589, in request
    resp = self.send(prep, **send_kwargs)
           ^^^^^^^^^^^^^^^^^^^^^^^^^^^^^^
  File "/home/ace/aiflow_project/lib/python3.11/site-packages/requests/sessions.py", line 725, in send
    history = [resp for resp in gen]
              ^^^^^^^^^^^^^^^^^^^^^^
  File "/home/ace/aiflow_project/lib/python3.11/site-packages/requests/sessions.py", line 725, in <listcomp>
    history = [resp for resp in gen]
              ^^^^^^^^^^^^^^^^^^^^^^
  File "/home/ace/aiflow_project/lib/python3.11/site-packages/requests/sessions.py", line 266, in resolve_redirects
    resp = self.send(
           ^^^^^^^^^^
  File "/home/ace/aiflow_project/lib/python3.11/site-packages/requests/sessions.py", line 747, in send
    r.content
  File "/home/ace/aiflow_project/lib/python3.11/site-packages/requests/models.py", line 899, in content
    self._content = b"".join(self.iter_content(CONTENT_CHUNK_SIZE)) or b""
                    ^^^^^^^^^^^^^^^^^^^^^^^^^^^^^^^^^^^^^^^^^^^^^^^
  File "/home/ace/aiflow_project/lib/python3.11/site-packages/requests/models.py", line 816, in generate
    yield from self.raw.stream(chunk_size, decode_content=True)
  File "/home/ace/aiflow_project/lib/python3.11/site-packages/urllib3/response.py", line 934, in stream
    data = self.read(amt=amt, decode_content=decode_content)
           ^^^^^^^^^^^^^^^^^^^^^^^^^^^^^^^^^^^^^^^^^^^^^^^^^
  File "/home/ace/aiflow_project/lib/python3.11/site-packages/urllib3/response.py", line 877, in read
    data = self._raw_read(amt)
           ^^^^^^^^^^^^^^^^^^^
  File "/home/ace/aiflow_project/lib/python3.11/site-packages/urllib3/response.py", line 812, in _raw_read
    data = self._fp_read(amt) if not fp_closed else b""
           ^^^^^^^^^^^^^^^^^^
  File "/home/ace/aiflow_project/lib/python3.11/site-packages/urllib3/response.py", line 797, in _fp_read
    return self._fp.read(amt) if amt is not None else self._fp.read()
           ^^^^^^^^^^^^^^^^^^
  File "/usr/lib/python3.11/http/client.py", line 466, in read
    s = self.fp.read(amt)
        ^^^^^^^^^^^^^^^^^
  File "/usr/lib/python3.11/socket.py", line 706, in readinto
    return self._sock.recv_into(b)
           ^^^^^^^^^^^^^^^^^^^^^^^
  File "/usr/lib/python3.11/ssl.py", line 1311, in recv_into
    return self.read(nbytes, buffer)
           ^^^^^^^^^^^^^^^^^^^^^^^^^
  File "/usr/lib/python3.11/ssl.py", line 1167, in read
    return self._sslobj.read(len, buffer)
           ^^^^^^^^^^^^^^^^^^^^^^^^^^^^^^
  File "/home/ace/aiflow_project/lib/python3.11/site-packages/airflow/models/taskinstance.py", line 1634, in signal_handler
    raise AirflowException("Task received SIGTERM signal")
airflow.exceptions.AirflowException: Task received SIGTERM signal
[2023-11-21T18:13:54.410+0545] {taskinstance.py:1400} INFO - Marking task as FAILED. dag_id=podcast_summery, task_id=download_episodes, execution_date=20231121T113522, start_date=20231121T113559, end_date=20231121T122854
[2023-11-21T18:13:54.421+0545] {standard_task_runner.py:104} ERROR - Failed to execute job 109 for task download_episodes (Task received SIGTERM signal; 225467)
[2023-11-21T18:13:54.438+0545] {process_utils.py:79} INFO - Process psutil.Process(pid=225467, status='terminated', exitcode=1, started='17:20:59') (225467) terminated with exit code 1
