[2023-11-20T12:12:11.059+0545] {taskinstance.py:1159} INFO - Dependencies all met for dep_context=non-requeueable deps ti=<TaskInstance: podcast_summery.create_table_sqlite manual__2023-11-20T06:27:08.753778+00:00 [queued]>
[2023-11-20T12:12:11.062+0545] {taskinstance.py:1159} INFO - Dependencies all met for dep_context=requeueable deps ti=<TaskInstance: podcast_summery.create_table_sqlite manual__2023-11-20T06:27:08.753778+00:00 [queued]>
[2023-11-20T12:12:11.063+0545] {taskinstance.py:1361} INFO - Starting attempt 1 of 1
[2023-11-20T12:12:11.073+0545] {taskinstance.py:1382} INFO - Executing <Task(SqliteOperator): create_table_sqlite> on 2023-11-20 06:27:08.753778+00:00
[2023-11-20T12:12:11.076+0545] {standard_task_runner.py:57} INFO - Started process 125010 to run task
[2023-11-20T12:12:11.078+0545] {standard_task_runner.py:84} INFO - Running: ['airflow', 'tasks', 'run', 'podcast_summery', 'create_table_sqlite', 'manual__2023-11-20T06:27:08.753778+00:00', '--job-id', '20', '--raw', '--subdir', 'DAGS_FOLDER/podcast_summery.py', '--cfg-path', '/tmp/tmpvjnq11eg']
[2023-11-20T12:12:11.079+0545] {standard_task_runner.py:85} INFO - Job 20: Subtask create_table_sqlite
[2023-11-20T12:12:11.100+0545] {task_command.py:416} INFO - Running <TaskInstance: podcast_summery.create_table_sqlite manual__2023-11-20T06:27:08.753778+00:00 [running]> on host dwarka.dwarka
[2023-11-20T12:12:11.139+0545] {taskinstance.py:1662} INFO - Exporting env vars: AIRFLOW_CTX_DAG_OWNER='airflow' AIRFLOW_CTX_DAG_ID='podcast_summery' AIRFLOW_CTX_TASK_ID='create_table_sqlite' AIRFLOW_CTX_EXECUTION_DATE='2023-11-20T06:27:08.753778+00:00' AIRFLOW_CTX_TRY_NUMBER='1' AIRFLOW_CTX_DAG_RUN_ID='manual__2023-11-20T06:27:08.753778+00:00'
[2023-11-20T12:12:11.140+0545] {sql.py:274} INFO - Executing: 
        CREATE TABLE IF NOT EXISTS episodes (
            link TEXT PRIMARY KEY,
            title TEXT,
            filename TEXT,
            published TEXT,
            description TEXT
        )
        
[2023-11-20T12:12:11.142+0545] {base.py:73} INFO - Using connection ID 'podcasts' for task execution.
[2023-11-20T12:12:11.251+0545] {base.py:73} INFO - Using connection ID 'podcasts' for task execution.
[2023-11-20T12:12:11.251+0545] {sql.py:418} INFO - Running statement: 
        CREATE TABLE IF NOT EXISTS episodes (
            link TEXT PRIMARY KEY,
            title TEXT,
            filename TEXT,
            published TEXT,
            description TEXT
        )
        , parameters: None
[2023-11-20T12:12:11.255+0545] {taskinstance.py:1400} INFO - Marking task as SUCCESS. dag_id=podcast_summery, task_id=create_table_sqlite, execution_date=20231120T062708, start_date=20231120T062711, end_date=20231120T062711
[2023-11-20T12:12:11.290+0545] {local_task_job_runner.py:228} INFO - Task exited with return code 0
[2023-11-20T12:12:11.305+0545] {taskinstance.py:2778} INFO - 1 downstream tasks scheduled from follow-on schedule check
