[2023-11-20T12:40:39.796+0545] {taskinstance.py:1159} INFO - Dependencies all met for dep_context=non-requeueable deps ti=<TaskInstance: podcast_summery.create_table_sqlite manual__2023-11-20T06:55:37.366522+00:00 [queued]>
[2023-11-20T12:40:39.800+0545] {taskinstance.py:1159} INFO - Dependencies all met for dep_context=requeueable deps ti=<TaskInstance: podcast_summery.create_table_sqlite manual__2023-11-20T06:55:37.366522+00:00 [queued]>
[2023-11-20T12:40:39.800+0545] {taskinstance.py:1361} INFO - Starting attempt 1 of 1
[2023-11-20T12:40:39.812+0545] {taskinstance.py:1382} INFO - Executing <Task(SqliteOperator): create_table_sqlite> on 2023-11-20 06:55:37.366522+00:00
[2023-11-20T12:40:39.815+0545] {standard_task_runner.py:57} INFO - Started process 130818 to run task
[2023-11-20T12:40:39.817+0545] {standard_task_runner.py:84} INFO - Running: ['airflow', 'tasks', 'run', 'podcast_summery', 'create_table_sqlite', 'manual__2023-11-20T06:55:37.366522+00:00', '--job-id', '43', '--raw', '--subdir', 'DAGS_FOLDER/podcast_summery.py', '--cfg-path', '/tmp/tmp5zzkts6j']
[2023-11-20T12:40:39.818+0545] {standard_task_runner.py:85} INFO - Job 43: Subtask create_table_sqlite
[2023-11-20T12:40:39.843+0545] {task_command.py:416} INFO - Running <TaskInstance: podcast_summery.create_table_sqlite manual__2023-11-20T06:55:37.366522+00:00 [running]> on host dwarka.dwarka
[2023-11-20T12:40:39.887+0545] {taskinstance.py:1662} INFO - Exporting env vars: AIRFLOW_CTX_DAG_OWNER='airflow' AIRFLOW_CTX_DAG_ID='podcast_summery' AIRFLOW_CTX_TASK_ID='create_table_sqlite' AIRFLOW_CTX_EXECUTION_DATE='2023-11-20T06:55:37.366522+00:00' AIRFLOW_CTX_TRY_NUMBER='1' AIRFLOW_CTX_DAG_RUN_ID='manual__2023-11-20T06:55:37.366522+00:00'
[2023-11-20T12:40:39.888+0545] {sql.py:274} INFO - Executing: 
        CREATE TABLE IF NOT EXISTS episodes (
            link TEXT PRIMARY KEY,
            title TEXT,
            filename TEXT,
            published TEXT,
            description TEXT
        )
        
[2023-11-20T12:40:39.892+0545] {base.py:73} INFO - Using connection ID 'podcasts' for task execution.
[2023-11-20T12:40:40.025+0545] {base.py:73} INFO - Using connection ID 'podcasts' for task execution.
[2023-11-20T12:40:40.026+0545] {sql.py:418} INFO - Running statement: 
        CREATE TABLE IF NOT EXISTS episodes (
            link TEXT PRIMARY KEY,
            title TEXT,
            filename TEXT,
            published TEXT,
            description TEXT
        )
        , parameters: None
[2023-11-20T12:40:40.029+0545] {taskinstance.py:1400} INFO - Marking task as SUCCESS. dag_id=podcast_summery, task_id=create_table_sqlite, execution_date=20231120T065537, start_date=20231120T065539, end_date=20231120T065540
[2023-11-20T12:40:40.069+0545] {local_task_job_runner.py:228} INFO - Task exited with return code 0
[2023-11-20T12:40:40.091+0545] {taskinstance.py:2778} INFO - 1 downstream tasks scheduled from follow-on schedule check
